Running SLURM prolog script on indigo51.cluster.local
===============================================================================
Job started on Sun Jan 17 19:06:59 GMT 2021
Job ID          : 1248464
Job name        : run_all_non_english.sh
WorkDir         : /mainfs/home/kjk1n18/Transparency/Transparency
Command         : /mainfs/home/kjk1n18/Transparency/Transparency/batch/run_all_non_english.sh
Partition       : gpu
Num hosts       : 1
Num cores       : 1
Num of tasks    : 1
Hosts allocated : indigo51
Job Output Follows ...
===============================================================================
/tmp/slurmd/job1248464/slurm_script: line 12: activate: No such file or directory
cls_en vanilla_lstm
============================================================================================================================================================================================================================================================================================================
Traceback (most recent call last):
  File "train_and_run_experiments_bc.py", line 16, in <module>
    dataset = datasets[args.dataset](args)
  File "/home/kjk1n18/Transparency/Transparency/Trainers/DatasetBC.py", line 108, in CLS_dataset_en
    dataset = Dataset(name='cls_en', path='preprocess/CLS/amazon_dataset_en.p', min_length=5, args=args)
  File "/home/kjk1n18/Transparency/Transparency/Trainers/DatasetBC.py", line 55, in __init__
    self.vec = pickle.load(open(path, 'rb'))
FileNotFoundError: [Errno 2] No such file or directory: './preprocess/CLS/amazon_dataset_en.p'
cls_en ortho_lstm
============================================================================================================================================================================================================================================================================================================
Traceback (most recent call last):
  File "train_and_run_experiments_bc.py", line 16, in <module>
    dataset = datasets[args.dataset](args)
  File "/home/kjk1n18/Transparency/Transparency/Trainers/DatasetBC.py", line 108, in CLS_dataset_en
    dataset = Dataset(name='cls_en', path='preprocess/CLS/amazon_dataset_en.p', min_length=5, args=args)
  File "/home/kjk1n18/Transparency/Transparency/Trainers/DatasetBC.py", line 55, in __init__
    self.vec = pickle.load(open(path, 'rb'))
FileNotFoundError: [Errno 2] No such file or directory: './preprocess/CLS/amazon_dataset_en.p'
cls_en diversity_lstm
============================================================================================================================================================================================================================================================================================================
Traceback (most recent call last):
  File "train_and_run_experiments_bc.py", line 16, in <module>
    dataset = datasets[args.dataset](args)
  File "/home/kjk1n18/Transparency/Transparency/Trainers/DatasetBC.py", line 108, in CLS_dataset_en
    dataset = Dataset(name='cls_en', path='preprocess/CLS/amazon_dataset_en.p', min_length=5, args=args)
  File "/home/kjk1n18/Transparency/Transparency/Trainers/DatasetBC.py", line 55, in __init__
    self.vec = pickle.load(open(path, 'rb'))
FileNotFoundError: [Errno 2] No such file or directory: './preprocess/CLS/amazon_dataset_en.p'
cls_de vanilla_lstm
============================================================================================================================================================================================================================================================================================================
Traceback (most recent call last):
  File "train_and_run_experiments_bc.py", line 16, in <module>
    dataset = datasets[args.dataset](args)
  File "/home/kjk1n18/Transparency/Transparency/Trainers/DatasetBC.py", line 113, in CLS_dataset_de
    dataset = Dataset(name='cls_de', path='preprocess/CLS/amazon_dataset_de.p', min_length=5, args=args)
  File "/home/kjk1n18/Transparency/Transparency/Trainers/DatasetBC.py", line 55, in __init__
    self.vec = pickle.load(open(path, 'rb'))
FileNotFoundError: [Errno 2] No such file or directory: './preprocess/CLS/amazon_dataset_de.p'
cls_de ortho_lstm
============================================================================================================================================================================================================================================================================================================
Traceback (most recent call last):
  File "train_and_run_experiments_bc.py", line 16, in <module>
    dataset = datasets[args.dataset](args)
  File "/home/kjk1n18/Transparency/Transparency/Trainers/DatasetBC.py", line 113, in CLS_dataset_de
    dataset = Dataset(name='cls_de', path='preprocess/CLS/amazon_dataset_de.p', min_length=5, args=args)
  File "/home/kjk1n18/Transparency/Transparency/Trainers/DatasetBC.py", line 55, in __init__
    self.vec = pickle.load(open(path, 'rb'))
FileNotFoundError: [Errno 2] No such file or directory: './preprocess/CLS/amazon_dataset_de.p'
cls_de diversity_lstm
============================================================================================================================================================================================================================================================================================================
Traceback (most recent call last):
  File "train_and_run_experiments_bc.py", line 16, in <module>
    dataset = datasets[args.dataset](args)
  File "/home/kjk1n18/Transparency/Transparency/Trainers/DatasetBC.py", line 113, in CLS_dataset_de
    dataset = Dataset(name='cls_de', path='preprocess/CLS/amazon_dataset_de.p', min_length=5, args=args)
  File "/home/kjk1n18/Transparency/Transparency/Trainers/DatasetBC.py", line 55, in __init__
    self.vec = pickle.load(open(path, 'rb'))
FileNotFoundError: [Errno 2] No such file or directory: './preprocess/CLS/amazon_dataset_de.p'
cls_fr vanilla_lstm
============================================================================================================================================================================================================================================================================================================
Traceback (most recent call last):
  File "train_and_run_experiments_bc.py", line 16, in <module>
    dataset = datasets[args.dataset](args)
  File "/home/kjk1n18/Transparency/Transparency/Trainers/DatasetBC.py", line 118, in CLS_dataset_fr
    dataset = Dataset(name='cls_fr', path='preprocess/CLS/amazon_dataset_fr.p', min_length=5, args=args)
  File "/home/kjk1n18/Transparency/Transparency/Trainers/DatasetBC.py", line 55, in __init__
    self.vec = pickle.load(open(path, 'rb'))
FileNotFoundError: [Errno 2] No such file or directory: './preprocess/CLS/amazon_dataset_fr.p'
cls_fr ortho_lstm
============================================================================================================================================================================================================================================================================================================
Traceback (most recent call last):
  File "train_and_run_experiments_bc.py", line 16, in <module>
    dataset = datasets[args.dataset](args)
  File "/home/kjk1n18/Transparency/Transparency/Trainers/DatasetBC.py", line 118, in CLS_dataset_fr
    dataset = Dataset(name='cls_fr', path='preprocess/CLS/amazon_dataset_fr.p', min_length=5, args=args)
  File "/home/kjk1n18/Transparency/Transparency/Trainers/DatasetBC.py", line 55, in __init__
    self.vec = pickle.load(open(path, 'rb'))
FileNotFoundError: [Errno 2] No such file or directory: './preprocess/CLS/amazon_dataset_fr.p'
cls_fr diversity_lstm
============================================================================================================================================================================================================================================================================================================
Traceback (most recent call last):
  File "train_and_run_experiments_bc.py", line 16, in <module>
    dataset = datasets[args.dataset](args)
  File "/home/kjk1n18/Transparency/Transparency/Trainers/DatasetBC.py", line 118, in CLS_dataset_fr
    dataset = Dataset(name='cls_fr', path='preprocess/CLS/amazon_dataset_fr.p', min_length=5, args=args)
  File "/home/kjk1n18/Transparency/Transparency/Trainers/DatasetBC.py", line 55, in __init__
    self.vec = pickle.load(open(path, 'rb'))
FileNotFoundError: [Errno 2] No such file or directory: './preprocess/CLS/amazon_dataset_fr.p'
cls_jp vanilla_lstm
============================================================================================================================================================================================================================================================================================================
Traceback (most recent call last):
  File "train_and_run_experiments_bc.py", line 16, in <module>
    dataset = datasets[args.dataset](args)
  File "/home/kjk1n18/Transparency/Transparency/Trainers/DatasetBC.py", line 123, in CLS_dataset_jp
    dataset = Dataset(name='cls_jp', path='preprocess/CLS/amazon_dataset_jp.p', min_length=5, args=args)
  File "/home/kjk1n18/Transparency/Transparency/Trainers/DatasetBC.py", line 55, in __init__
    self.vec = pickle.load(open(path, 'rb'))
FileNotFoundError: [Errno 2] No such file or directory: './preprocess/CLS/amazon_dataset_jp.p'
cls_jp ortho_lstm
============================================================================================================================================================================================================================================================================================================
Traceback (most recent call last):
  File "train_and_run_experiments_bc.py", line 16, in <module>
    dataset = datasets[args.dataset](args)
  File "/home/kjk1n18/Transparency/Transparency/Trainers/DatasetBC.py", line 123, in CLS_dataset_jp
    dataset = Dataset(name='cls_jp', path='preprocess/CLS/amazon_dataset_jp.p', min_length=5, args=args)
  File "/home/kjk1n18/Transparency/Transparency/Trainers/DatasetBC.py", line 55, in __init__
    self.vec = pickle.load(open(path, 'rb'))
FileNotFoundError: [Errno 2] No such file or directory: './preprocess/CLS/amazon_dataset_jp.p'
cls_jp diversity_lstm
============================================================================================================================================================================================================================================================================================================
Traceback (most recent call last):
  File "train_and_run_experiments_bc.py", line 16, in <module>
    dataset = datasets[args.dataset](args)
  File "/home/kjk1n18/Transparency/Transparency/Trainers/DatasetBC.py", line 123, in CLS_dataset_jp
    dataset = Dataset(name='cls_jp', path='preprocess/CLS/amazon_dataset_jp.p', min_length=5, args=args)
  File "/home/kjk1n18/Transparency/Transparency/Trainers/DatasetBC.py", line 55, in __init__
    self.vec = pickle.load(open(path, 'rb'))
FileNotFoundError: [Errno 2] No such file or directory: './preprocess/CLS/amazon_dataset_jp.p'
==============================================================================
Running epilogue script on indigo51.

Submit time  : 2021-01-17T19:05:51
Start time   : 2021-01-17T19:06:49
End time     : 2021-01-17T19:08:46
Elapsed time : 00:01:57 (Timelimit=1-06:00:00)

Job ID: 1248464
Cluster: i5
User/Group: kjk1n18/fp
State: FAILED (exit code 1)
Cores: 1
CPU Utilized: 00:01:03
CPU Efficiency: 53.85% of 00:01:57 core-walltime
Job Wall-clock time: 00:01:57
Memory Utilized: 300.61 MB
Memory Efficiency: 0.00% of 0.00 MB

